<?xml version="1.0" encoding="UTF-8" ?>
<testsuite tests="10" failures="0" name="org.amcp.core.AgentTest" time="0.027" errors="0" skipped="0">
  <properties>
    <property name="java.runtime.name" value="OpenJDK Runtime Environment"/>
    <property name="java.vm.version" value="21.0.8+9-LTS"/>
    <property name="sun.boot.library.path" value="/usr/lib/jvm/temurin-21-jdk-amd64/lib"/>
    <property name="maven.multiModuleProjectDirectory" value="/home/kalxav/CascadeProjects/amcp-core-project"/>
    <property name="java.vm.vendor" value="Eclipse Adoptium"/>
    <property name="java.vendor.url" value="https://adoptium.net/"/>
    <property name="guice.disable.misplaced.annotation.check" value="true"/>
    <property name="path.separator" value=":"/>
    <property name="java.vm.name" value="OpenJDK 64-Bit Server VM"/>
    <property name="user.country" value="US"/>
    <property name="sun.java.launcher" value="SUN_STANDARD"/>
    <property name="java.vm.specification.name" value="Java Virtual Machine Specification"/>
    <property name="user.dir" value="/home/kalxav/CascadeProjects/amcp-core-project"/>
    <property name="java.vm.compressedOopsMode" value="Zero based"/>
    <property name="java.runtime.version" value="21.0.8+9-LTS"/>
    <property name="os.arch" value="amd64"/>
    <property name="java.io.tmpdir" value="/tmp"/>
    <property name="line.separator" value="
"/>
    <property name="java.vm.specification.vendor" value="Oracle Corporation"/>
    <property name="stderr.encoding" value="UTF-8"/>
    <property name="os.name" value="Linux"/>
    <property name="classworlds.conf" value="/usr/share/maven/bin/m2.conf"/>
    <property name="sun.jnu.encoding" value="UTF-8"/>
    <property name="stdout.encoding" value="UTF-8"/>
    <property name="java.library.path" value="/usr/java/packages/lib:/usr/lib64:/lib64:/lib:/usr/lib"/>
    <property name="maven.conf" value="/usr/share/maven/conf"/>
    <property name="jdk.debug" value="release"/>
    <property name="java.class.version" value="65.0"/>
    <property name="java.specification.name" value="Java Platform API Specification"/>
    <property name="sun.management.compiler" value="HotSpot 64-Bit Tiered Compilers"/>
    <property name="os.version" value="6.6.76-08174-g2f3b34fb3650"/>
    <property name="library.jansi.path" value="/usr/share/maven/lib/jansi-native"/>
    <property name="user.home" value="/home/kalxav"/>
    <property name="user.timezone" value="Europe/Paris"/>
    <property name="file.encoding" value="UTF-8"/>
    <property name="java.specification.version" value="21"/>
    <property name="user.name" value="kalxav"/>
    <property name="java.class.path" value="/usr/share/maven/boot/plexus-classworlds-2.x.jar"/>
    <property name="org.slf4j.simpleLogger.defaultLogLevel" value="error"/>
    <property name="java.vm.specification.version" value="21"/>
    <property name="sun.arch.data.model" value="64"/>
    <property name="sun.java.command" value="org.codehaus.plexus.classworlds.launcher.Launcher clean test jacoco:report -q"/>
    <property name="java.home" value="/usr/lib/jvm/temurin-21-jdk-amd64"/>
    <property name="user.language" value="en"/>
    <property name="java.specification.vendor" value="Oracle Corporation"/>
    <property name="java.vm.info" value="mixed mode, sharing"/>
    <property name="java.version" value="21.0.8"/>
    <property name="native.encoding" value="UTF-8"/>
    <property name="java.vendor" value="Eclipse Adoptium"/>
    <property name="maven.home" value="/usr/share/maven"/>
    <property name="file.separator" value="/"/>
    <property name="java.version.date" value="2025-07-15"/>
    <property name="java.vendor.url.bug" value="https://github.com/adoptium/adoptium-support/issues"/>
    <property name="sun.io.unicode.encoding" value="UnicodeLittle"/>
    <property name="sun.cpu.endian" value="little"/>
    <property name="java.vendor.version" value="Temurin-21.0.8+9"/>
  </properties>
  <testcase classname="org.amcp.core.AgentTest" name="org.amcp.core.AgentTest.testAgentCreation" time="0.018"/>
  <testcase classname="org.amcp.core.AgentTest" name="org.amcp.core.AgentTest.testAgentActivation" time="0.002"/>
  <testcase classname="org.amcp.core.AgentTest" name="org.amcp.core.AgentTest.testAgentDeactivation" time="0"/>
  <testcase classname="org.amcp.core.AgentTest" name="org.amcp.core.AgentTest.testPublishEvent" time="0"/>
  <testcase classname="org.amcp.core.AgentTest" name="org.amcp.core.AgentTest.testSubscribeToTopic" time="0"/>
  <testcase classname="org.amcp.core.AgentTest" name="org.amcp.core.AgentTest.testMetadata" time="0"/>
  <testcase classname="org.amcp.core.AgentTest" name="org.amcp.core.AgentTest.testCapabilities" time="0.001"/>
  <testcase classname="org.amcp.core.AgentTest" name="org.amcp.core.AgentTest.testEventHandling" time="0"/>
  <testcase classname="org.amcp.core.AgentTest" name="org.amcp.core.AgentTest.testAgentEquality" time="0.002"/>
  <testcase classname="org.amcp.core.AgentTest" name="org.amcp.core.AgentTest.testAgentHashCode" time="0.004"/>
</testsuite>